<?xml version="1.0" encoding="UTF-8"?>
<!-- Generated by org.testng.reporters.JUnitXMLReporter -->
<testsuite ignored="1" hostname="Riddhis-iMac.local" failures="0" tests="5" name="DashboardPage" time="9.764" errors="0" timestamp="2023-08-17T11:20:28 IST">
  <testcase classname="first.DashboardPage" name="@BeforeTest openOticons" time="9.7">
    <failure type="org.openqa.selenium.SessionNotCreatedException" message="Could not start a new session. Response code 500. Message: session not created: This version of ChromeDriver only supports Chrome version 114
Current browser version is 116.0.5845.96 with binary path /Applications/Google Chrome.app/Contents/MacOS/Google Chrome 
Host info: host: &amp;apos;Riddhis-iMac.local&amp;apos;, ip: &amp;apos;192.168.1.26&amp;apos;
Build info: version: &amp;apos;4.10.0&amp;apos;, revision: &amp;apos;c14d967899&amp;apos;
System info: os.name: &amp;apos;Mac OS X&amp;apos;, os.arch: &amp;apos;x86_64&amp;apos;, os.version: &amp;apos;12.6.2&amp;apos;, java.version: &amp;apos;17.0.5&amp;apos;
Driver info: org.openqa.selenium.chrome.ChromeDriver
Command: [null, newSession {capabilities=[Capabilities {browserName: chrome, goog:chromeOptions: {args: [--remote-allow-origins=*], extensions: []}}]}]">
      <![CDATA[org.openqa.selenium.SessionNotCreatedException: Could not start a new session. Response code 500. Message: session not created: This version of ChromeDriver only supports Chrome version 114
Current browser version is 116.0.5845.96 with binary path /Applications/Google Chrome.app/Contents/MacOS/Google Chrome 
Host info: host: 'Riddhis-iMac.local', ip: '192.168.1.26'
Build info: version: '4.10.0', revision: 'c14d967899'
System info: os.name: 'Mac OS X', os.arch: 'x86_64', os.version: '12.6.2', java.version: '17.0.5'
Driver info: org.openqa.selenium.chrome.ChromeDriver
Command: [null, newSession {capabilities=[Capabilities {browserName: chrome, goog:chromeOptions: {args: [--remote-allow-origins=*], extensions: []}}]}]
at org.openqa.selenium.remote.ProtocolHandshake.createSession(ProtocolHandshake.java:140)
at org.openqa.selenium.remote.ProtocolHandshake.createSession(ProtocolHandshake.java:96)
at org.openqa.selenium.remote.ProtocolHandshake.createSession(ProtocolHandshake.java:68)
at org.openqa.selenium.remote.HttpCommandExecutor.execute(HttpCommandExecutor.java:163)
at org.openqa.selenium.remote.service.DriverCommandExecutor.invokeExecute(DriverCommandExecutor.java:196)
at org.openqa.selenium.remote.service.DriverCommandExecutor.execute(DriverCommandExecutor.java:171)
at org.openqa.selenium.remote.RemoteWebDriver.execute(RemoteWebDriver.java:531)
at org.openqa.selenium.remote.RemoteWebDriver.startSession(RemoteWebDriver.java:227)
at org.openqa.selenium.remote.RemoteWebDriver.<init>(RemoteWebDriver.java:154)
at org.openqa.selenium.chromium.ChromiumDriver.<init>(ChromiumDriver.java:107)
at org.openqa.selenium.chrome.ChromeDriver.<init>(ChromeDriver.java:87)
at org.openqa.selenium.chrome.ChromeDriver.<init>(ChromeDriver.java:82)
at org.openqa.selenium.chrome.ChromeDriver.<init>(ChromeDriver.java:50)
at first.DashboardPage.openOticons(DashboardPage.java:48)
... Removed 24 stack frames]]>
    </failure>
  </testcase> <!-- @BeforeTest openOticons -->
  <testcase classname="first.DashboardPage" name="Loginpage" time="0.0">
    <skipped/>
  </testcase> <!-- Loginpage -->
  <testcase classname="first.DashboardPage" name="stylepage" time="0.0">
    <skipped/>
  </testcase> <!-- stylepage -->
  <testcase classname="first.DashboardPage" name="Loginpage" time="0.0">
    <skipped/>
  </testcase> <!-- Loginpage -->
  <testcase classname="first.Moods" name="Moodpage" time="0.0">
    <skipped/>
  </testcase> <!-- Moodpage -->
  <testcase classname="first.DashboardPage" name="stylepage" time="0.0">
    <skipped/>
  </testcase> <!-- stylepage -->
  <testcase classname="first.DashboardPage" name="@BeforeTest openOticons" time="0.0">
    <ignored/>
  </testcase> <!-- @BeforeTest openOticons -->
</testsuite> <!-- DashboardPage -->
